<?xml version="1.0" encoding="UTF-8"?>
<testsuite xmlns:xsi="http://www.w3.org/2001/XMLSchema-instance" xsi:noNamespaceSchemaLocation="https://maven.apache.org/surefire/maven-surefire-plugin/xsd/surefire-test-report-3.0.xsd" version="3.0" name="sfa.das.TestRunner" time="54.398" tests="18" errors="0" skipped="0" failures="0">
  <properties>
    <property name="java.specification.version" value="22"/>
    <property name="sun.cpu.isalist" value="amd64"/>
    <property name="sun.jnu.encoding" value="Cp1252"/>
    <property name="java.class.path" value="C:\New projects\das-teach-in-further-education-acceptance-tests\target\test-classes;C:\New projects\das-teach-in-further-education-acceptance-tests\target\classes;C:\Users\manoj\.m2\repository\io\github\cdimascio\java-dotenv\5.2.2\java-dotenv-5.2.2.jar;C:\Users\manoj\.m2\repository\org\jetbrains\kotlin\kotlin-stdlib\1.4.0\kotlin-stdlib-1.4.0.jar;C:\Users\manoj\.m2\repository\org\jetbrains\kotlin\kotlin-stdlib-common\1.4.0\kotlin-stdlib-common-1.4.0.jar;C:\Users\manoj\.m2\repository\org\jetbrains\annotations\13.0\annotations-13.0.jar;C:\Users\manoj\.m2\repository\org\apache\logging\log4j\log4j-core\2.20.0\log4j-core-2.20.0.jar;C:\Users\manoj\.m2\repository\org\apache\logging\log4j\log4j-api\2.20.0\log4j-api-2.20.0.jar;C:\Users\manoj\.m2\repository\io\cucumber\cucumber-java\7.14.0\cucumber-java-7.14.0.jar;C:\Users\manoj\.m2\repository\io\cucumber\cucumber-core\7.14.0\cucumber-core-7.14.0.jar;C:\Users\manoj\.m2\repository\io\cucumber\cucumber-gherkin\7.14.0\cucumber-gherkin-7.14.0.jar;C:\Users\manoj\.m2\repository\io\cucumber\cucumber-gherkin-messages\7.14.0\cucumber-gherkin-messages-7.14.0.jar;C:\Users\manoj\.m2\repository\io\cucumber\tag-expressions\5.0.6\tag-expressions-5.0.6.jar;C:\Users\manoj\.m2\repository\io\cucumber\cucumber-expressions\16.1.2\cucumber-expressions-16.1.2.jar;C:\Users\manoj\.m2\repository\io\cucumber\datatable\7.14.0\datatable-7.14.0.jar;C:\Users\manoj\.m2\repository\io\cucumber\cucumber-plugin\7.14.0\cucumber-plugin-7.14.0.jar;C:\Users\manoj\.m2\repository\io\cucumber\docstring\7.14.0\docstring-7.14.0.jar;C:\Users\manoj\.m2\repository\io\cucumber\html-formatter\20.4.0\html-formatter-20.4.0.jar;C:\Users\manoj\.m2\repository\io\cucumber\junit-xml-formatter\0.2.0\junit-xml-formatter-0.2.0.jar;C:\Users\manoj\.m2\repository\io\cucumber\ci-environment\9.2.0\ci-environment-9.2.0.jar;C:\Users\manoj\.m2\repository\org\apiguardian\apiguardian-api\1.1.2\apiguardian-api-1.1.2.jar;C:\Users\manoj\.m2\repository\io\cucumber\cucumber-junit\7.14.0\cucumber-junit-7.14.0.jar;C:\Users\manoj\.m2\repository\junit\junit\4.13.2\junit-4.13.2.jar;C:\Users\manoj\.m2\repository\org\hamcrest\hamcrest-core\1.3\hamcrest-core-1.3.jar;C:\Users\manoj\.m2\repository\org\projectlombok\lombok\1.18.30\lombok-1.18.30.jar;C:\Users\manoj\.m2\repository\me\jvt\cucumber\reporting-plugin\7.11.0\reporting-plugin-7.11.0.jar;C:\Users\manoj\.m2\repository\io\cucumber\gherkin\26.0.3\gherkin-26.0.3.jar;C:\Users\manoj\.m2\repository\io\cucumber\messages\21.0.1\messages-21.0.1.jar;C:\Users\manoj\.m2\repository\net\masterthought\cucumber-reporting\5.7.7\cucumber-reporting-5.7.7.jar;C:\Users\manoj\.m2\repository\com\fasterxml\jackson\core\jackson-databind\2.15.2\jackson-databind-2.15.2.jar;C:\Users\manoj\.m2\repository\com\fasterxml\jackson\core\jackson-annotations\2.15.2\jackson-annotations-2.15.2.jar;C:\Users\manoj\.m2\repository\com\fasterxml\jackson\core\jackson-core\2.15.2\jackson-core-2.15.2.jar;C:\Users\manoj\.m2\repository\com\fasterxml\jackson\datatype\jackson-datatype-jsr310\2.15.2\jackson-datatype-jsr310-2.15.2.jar;C:\Users\manoj\.m2\repository\org\apache\velocity\velocity-engine-core\2.3\velocity-engine-core-2.3.jar;C:\Users\manoj\.m2\repository\joda-time\joda-time\2.12.5\joda-time-2.12.5.jar;C:\Users\manoj\.m2\repository\org\apache\commons\commons-lang3\3.13.0\commons-lang3-3.13.0.jar;C:\Users\manoj\.m2\repository\commons-io\commons-io\2.7\commons-io-2.7.jar;C:\Users\manoj\.m2\repository\org\codehaus\plexus\plexus-utils\3.5.1\plexus-utils-3.5.1.jar;C:\Users\manoj\.m2\repository\org\jsoup\jsoup\1.16.1\jsoup-1.16.1.jar;C:\Users\manoj\.m2\repository\com\googlecode\owasp-java-html-sanitizer\owasp-java-html-sanitizer\20220608.1\owasp-java-html-sanitizer-20220608.1.jar;C:\Users\manoj\.m2\repository\com\google\guava\guava\30.1-jre\guava-30.1-jre.jar;C:\Users\manoj\.m2\repository\com\google\guava\failureaccess\1.0.1\failureaccess-1.0.1.jar;C:\Users\manoj\.m2\repository\com\google\guava\listenablefuture\9999.0-empty-to-avoid-conflict-with-guava\listenablefuture-9999.0-empty-to-avoid-conflict-with-guava.jar;C:\Users\manoj\.m2\repository\com\google\code\findbugs\jsr305\3.0.2\jsr305-3.0.2.jar;C:\Users\manoj\.m2\repository\org\checkerframework\checker-qual\3.5.0\checker-qual-3.5.0.jar;C:\Users\manoj\.m2\repository\com\google\errorprone\error_prone_annotations\2.3.4\error_prone_annotations-2.3.4.jar;C:\Users\manoj\.m2\repository\com\google\j2objc\j2objc-annotations\1.3\j2objc-annotations-1.3.jar;C:\Users\manoj\.m2\repository\commons-configuration\commons-configuration\1.10\commons-configuration-1.10.jar;C:\Users\manoj\.m2\repository\commons-lang\commons-lang\2.6\commons-lang-2.6.jar;C:\Users\manoj\.m2\repository\commons-logging\commons-logging\1.1.1\commons-logging-1.1.1.jar;C:\Users\manoj\.m2\repository\org\seleniumhq\selenium\selenium-java\4.17.0\selenium-java-4.17.0.jar;C:\Users\manoj\.m2\repository\org\seleniumhq\selenium\selenium-api\4.17.0\selenium-api-4.17.0.jar;C:\Users\manoj\.m2\repository\org\seleniumhq\selenium\selenium-chrome-driver\4.17.0\selenium-chrome-driver-4.17.0.jar;C:\Users\manoj\.m2\repository\com\google\auto\service\auto-service-annotations\1.1.1\auto-service-annotations-1.1.1.jar;C:\Users\manoj\.m2\repository\org\seleniumhq\selenium\selenium-chromium-driver\4.17.0\selenium-chromium-driver-4.17.0.jar;C:\Users\manoj\.m2\repository\org\seleniumhq\selenium\selenium-json\4.17.0\selenium-json-4.17.0.jar;C:\Users\manoj\.m2\repository\org\seleniumhq\selenium\selenium-manager\4.17.0\selenium-manager-4.17.0.jar;C:\Users\manoj\.m2\repository\org\seleniumhq\selenium\selenium-devtools-v119\4.17.0\selenium-devtools-v119-4.17.0.jar;C:\Users\manoj\.m2\repository\org\seleniumhq\selenium\selenium-devtools-v120\4.17.0\selenium-devtools-v120-4.17.0.jar;C:\Users\manoj\.m2\repository\org\seleniumhq\selenium\selenium-devtools-v121\4.17.0\selenium-devtools-v121-4.17.0.jar;C:\Users\manoj\.m2\repository\org\seleniumhq\selenium\selenium-devtools-v85\4.17.0\selenium-devtools-v85-4.17.0.jar;C:\Users\manoj\.m2\repository\org\seleniumhq\selenium\selenium-edge-driver\4.17.0\selenium-edge-driver-4.17.0.jar;C:\Users\manoj\.m2\repository\org\seleniumhq\selenium\selenium-firefox-driver\4.17.0\selenium-firefox-driver-4.17.0.jar;C:\Users\manoj\.m2\repository\org\seleniumhq\selenium\selenium-http\4.17.0\selenium-http-4.17.0.jar;C:\Users\manoj\.m2\repository\dev\failsafe\failsafe\3.3.2\failsafe-3.3.2.jar;C:\Users\manoj\.m2\repository\org\seleniumhq\selenium\selenium-ie-driver\4.17.0\selenium-ie-driver-4.17.0.jar;C:\Users\manoj\.m2\repository\org\seleniumhq\selenium\selenium-remote-driver\4.17.0\selenium-remote-driver-4.17.0.jar;C:\Users\manoj\.m2\repository\io\opentelemetry\semconv\opentelemetry-semconv\1.23.1-alpha\opentelemetry-semconv-1.23.1-alpha.jar;C:\Users\manoj\.m2\repository\io\opentelemetry\opentelemetry-api\1.34.1\opentelemetry-api-1.34.1.jar;C:\Users\manoj\.m2\repository\io\opentelemetry\opentelemetry-context\1.34.1\opentelemetry-context-1.34.1.jar;C:\Users\manoj\.m2\repository\io\opentelemetry\opentelemetry-exporter-logging\1.34.1\opentelemetry-exporter-logging-1.34.1.jar;C:\Users\manoj\.m2\repository\io\opentelemetry\opentelemetry-sdk-common\1.34.1\opentelemetry-sdk-common-1.34.1.jar;C:\Users\manoj\.m2\repository\io\opentelemetry\opentelemetry-sdk-extension-autoconfigure-spi\1.34.1\opentelemetry-sdk-extension-autoconfigure-spi-1.34.1.jar;C:\Users\manoj\.m2\repository\io\opentelemetry\opentelemetry-sdk-extension-autoconfigure\1.34.1\opentelemetry-sdk-extension-autoconfigure-1.34.1.jar;C:\Users\manoj\.m2\repository\io\opentelemetry\opentelemetry-api-events\1.34.1-alpha\opentelemetry-api-events-1.34.1-alpha.jar;C:\Users\manoj\.m2\repository\io\opentelemetry\opentelemetry-sdk-trace\1.34.1\opentelemetry-sdk-trace-1.34.1.jar;C:\Users\manoj\.m2\repository\io\opentelemetry\opentelemetry-sdk\1.34.1\opentelemetry-sdk-1.34.1.jar;C:\Users\manoj\.m2\repository\io\opentelemetry\opentelemetry-sdk-metrics\1.34.1\opentelemetry-sdk-metrics-1.34.1.jar;C:\Users\manoj\.m2\repository\io\opentelemetry\opentelemetry-extension-incubator\1.34.1-alpha\opentelemetry-extension-incubator-1.34.1-alpha.jar;C:\Users\manoj\.m2\repository\io\opentelemetry\opentelemetry-sdk-logs\1.34.1\opentelemetry-sdk-logs-1.34.1.jar;C:\Users\manoj\.m2\repository\net\bytebuddy\byte-buddy\1.14.11\byte-buddy-1.14.11.jar;C:\Users\manoj\.m2\repository\org\seleniumhq\selenium\selenium-os\4.17.0\selenium-os-4.17.0.jar;C:\Users\manoj\.m2\repository\org\apache\commons\commons-exec\1.3\commons-exec-1.3.jar;C:\Users\manoj\.m2\repository\org\seleniumhq\selenium\selenium-safari-driver\4.17.0\selenium-safari-driver-4.17.0.jar;C:\Users\manoj\.m2\repository\org\seleniumhq\selenium\selenium-support\4.17.0\selenium-support-4.17.0.jar;C:\Users\manoj\.m2\repository\org\seleniumhq\selenium\htmlunit3-driver\4.17.0\htmlunit3-driver-4.17.0.jar;C:\Users\manoj\.m2\repository\org\htmlunit\htmlunit\3.10.0\htmlunit-3.10.0.jar;C:\Users\manoj\.m2\repository\org\apache\httpcomponents\httpmime\4.5.14\httpmime-4.5.14.jar;C:\Users\manoj\.m2\repository\org\apache\httpcomponents\httpclient\4.5.14\httpclient-4.5.14.jar;C:\Users\manoj\.m2\repository\org\apache\httpcomponents\httpcore\4.4.16\httpcore-4.4.16.jar;C:\Users\manoj\.m2\repository\org\htmlunit\htmlunit-core-js\3.10.0\htmlunit-core-js-3.10.0.jar;C:\Users\manoj\.m2\repository\org\htmlunit\neko-htmlunit\3.10.0\neko-htmlunit-3.10.0.jar;C:\Users\manoj\.m2\repository\org\htmlunit\htmlunit-cssparser\3.10.0\htmlunit-cssparser-3.10.0.jar;C:\Users\manoj\.m2\repository\org\htmlunit\htmlunit-xpath\3.10.0\htmlunit-xpath-3.10.0.jar;C:\Users\manoj\.m2\repository\org\htmlunit\htmlunit-csp\3.10.0\htmlunit-csp-3.10.0.jar;C:\Users\manoj\.m2\repository\org\apache\commons\commons-text\1.11.0\commons-text-1.11.0.jar;C:\Users\manoj\.m2\repository\commons-net\commons-net\3.10.0\commons-net-3.10.0.jar;C:\Users\manoj\.m2\repository\commons-codec\commons-codec\1.16.0\commons-codec-1.16.0.jar;C:\Users\manoj\.m2\repository\org\eclipse\jetty\websocket\websocket-client\9.4.53.v20231009\websocket-client-9.4.53.v20231009.jar;C:\Users\manoj\.m2\repository\org\eclipse\jetty\jetty-client\9.4.53.v20231009\jetty-client-9.4.53.v20231009.jar;C:\Users\manoj\.m2\repository\org\eclipse\jetty\jetty-http\9.4.53.v20231009\jetty-http-9.4.53.v20231009.jar;C:\Users\manoj\.m2\repository\org\eclipse\jetty\jetty-util\9.4.53.v20231009\jetty-util-9.4.53.v20231009.jar;C:\Users\manoj\.m2\repository\org\eclipse\jetty\jetty-io\9.4.53.v20231009\jetty-io-9.4.53.v20231009.jar;C:\Users\manoj\.m2\repository\org\eclipse\jetty\websocket\websocket-common\9.4.53.v20231009\websocket-common-9.4.53.v20231009.jar;C:\Users\manoj\.m2\repository\org\eclipse\jetty\websocket\websocket-api\9.4.53.v20231009\websocket-api-9.4.53.v20231009.jar;C:\Users\manoj\.m2\repository\io\github\bonigarcia\webdrivermanager\5.6.2\webdrivermanager-5.6.2.jar;C:\Users\manoj\.m2\repository\org\slf4j\slf4j-api\2.0.9\slf4j-api-2.0.9.jar;C:\Users\manoj\.m2\repository\com\google\code\gson\gson\2.10.1\gson-2.10.1.jar;C:\Users\manoj\.m2\repository\com\github\docker-java\docker-java\3.3.4\docker-java-3.3.4.jar;C:\Users\manoj\.m2\repository\com\github\docker-java\docker-java-core\3.3.4\docker-java-core-3.3.4.jar;C:\Users\manoj\.m2\repository\com\github\docker-java\docker-java-api\3.3.4\docker-java-api-3.3.4.jar;C:\Users\manoj\.m2\repository\org\bouncycastle\bcpkix-jdk18on\1.76\bcpkix-jdk18on-1.76.jar;C:\Users\manoj\.m2\repository\org\bouncycastle\bcprov-jdk18on\1.76\bcprov-jdk18on-1.76.jar;C:\Users\manoj\.m2\repository\org\bouncycastle\bcutil-jdk18on\1.76\bcutil-jdk18on-1.76.jar;C:\Users\manoj\.m2\repository\org\slf4j\jcl-over-slf4j\1.7.30\jcl-over-slf4j-1.7.30.jar;C:\Users\manoj\.m2\repository\com\github\docker-java\docker-java-transport-httpclient5\3.3.4\docker-java-transport-httpclient5-3.3.4.jar;C:\Users\manoj\.m2\repository\com\github\docker-java\docker-java-transport\3.3.4\docker-java-transport-3.3.4.jar;C:\Users\manoj\.m2\repository\net\java\dev\jna\jna\5.13.0\jna-5.13.0.jar;C:\Users\manoj\.m2\repository\org\brotli\dec\0.1.2\dec-0.1.2.jar;C:\Users\manoj\.m2\repository\org\apache\commons\commons-compress\1.24.0\commons-compress-1.24.0.jar;C:\Users\manoj\.m2\repository\org\apache\httpcomponents\client5\httpclient5\5.2.1\httpclient5-5.2.1.jar;C:\Users\manoj\.m2\repository\org\apache\httpcomponents\core5\httpcore5\5.2\httpcore5-5.2.jar;C:\Users\manoj\.m2\repository\org\apache\httpcomponents\core5\httpcore5-h2\5.2\httpcore5-h2-5.2.jar;C:\Users\manoj\.m2\repository\org\yaml\snakeyaml\2.2\snakeyaml-2.2.jar;C:\Users\manoj\.m2\repository\ch\qos\logback\logback-classic\1.4.11\logback-classic-1.4.11.jar;C:\Users\manoj\.m2\repository\ch\qos\logback\logback-core\1.4.11\logback-core-1.4.11.jar;"/>
    <property name="java.vm.vendor" value="Oracle Corporation"/>
    <property name="sun.arch.data.model" value="64"/>
    <property name="user.variant" value=""/>
    <property name="java.vendor.url" value="https://java.oracle.com/"/>
    <property name="user.timezone" value="Europe/London"/>
    <property name="os.name" value="Windows 10"/>
    <property name="java.vm.specification.version" value="22"/>
    <property name="sun.java.launcher" value="SUN_STANDARD"/>
    <property name="user.country" value="GB"/>
    <property name="sun.boot.library.path" value="C:\Program Files\Java\jdk-22\bin"/>
    <property name="sun.java.command" value="C:\Users\manoj\AppData\Local\Temp\surefire11676044937995487292\surefirebooter-20240926212055120_3.jar C:\Users\manoj\AppData\Local\Temp\surefire11676044937995487292 2024-09-26T21-20-54_913-jvmRun1 surefire-20240926212055120_1tmp surefire_0-20240926212055120_2tmp"/>
    <property name="jdk.debug" value="release"/>
    <property name="surefire.test.class.path" value="C:\New projects\das-teach-in-further-education-acceptance-tests\target\test-classes;C:\New projects\das-teach-in-further-education-acceptance-tests\target\classes;C:\Users\manoj\.m2\repository\io\github\cdimascio\java-dotenv\5.2.2\java-dotenv-5.2.2.jar;C:\Users\manoj\.m2\repository\org\jetbrains\kotlin\kotlin-stdlib\1.4.0\kotlin-stdlib-1.4.0.jar;C:\Users\manoj\.m2\repository\org\jetbrains\kotlin\kotlin-stdlib-common\1.4.0\kotlin-stdlib-common-1.4.0.jar;C:\Users\manoj\.m2\repository\org\jetbrains\annotations\13.0\annotations-13.0.jar;C:\Users\manoj\.m2\repository\org\apache\logging\log4j\log4j-core\2.20.0\log4j-core-2.20.0.jar;C:\Users\manoj\.m2\repository\org\apache\logging\log4j\log4j-api\2.20.0\log4j-api-2.20.0.jar;C:\Users\manoj\.m2\repository\io\cucumber\cucumber-java\7.14.0\cucumber-java-7.14.0.jar;C:\Users\manoj\.m2\repository\io\cucumber\cucumber-core\7.14.0\cucumber-core-7.14.0.jar;C:\Users\manoj\.m2\repository\io\cucumber\cucumber-gherkin\7.14.0\cucumber-gherkin-7.14.0.jar;C:\Users\manoj\.m2\repository\io\cucumber\cucumber-gherkin-messages\7.14.0\cucumber-gherkin-messages-7.14.0.jar;C:\Users\manoj\.m2\repository\io\cucumber\tag-expressions\5.0.6\tag-expressions-5.0.6.jar;C:\Users\manoj\.m2\repository\io\cucumber\cucumber-expressions\16.1.2\cucumber-expressions-16.1.2.jar;C:\Users\manoj\.m2\repository\io\cucumber\datatable\7.14.0\datatable-7.14.0.jar;C:\Users\manoj\.m2\repository\io\cucumber\cucumber-plugin\7.14.0\cucumber-plugin-7.14.0.jar;C:\Users\manoj\.m2\repository\io\cucumber\docstring\7.14.0\docstring-7.14.0.jar;C:\Users\manoj\.m2\repository\io\cucumber\html-formatter\20.4.0\html-formatter-20.4.0.jar;C:\Users\manoj\.m2\repository\io\cucumber\junit-xml-formatter\0.2.0\junit-xml-formatter-0.2.0.jar;C:\Users\manoj\.m2\repository\io\cucumber\ci-environment\9.2.0\ci-environment-9.2.0.jar;C:\Users\manoj\.m2\repository\org\apiguardian\apiguardian-api\1.1.2\apiguardian-api-1.1.2.jar;C:\Users\manoj\.m2\repository\io\cucumber\cucumber-junit\7.14.0\cucumber-junit-7.14.0.jar;C:\Users\manoj\.m2\repository\junit\junit\4.13.2\junit-4.13.2.jar;C:\Users\manoj\.m2\repository\org\hamcrest\hamcrest-core\1.3\hamcrest-core-1.3.jar;C:\Users\manoj\.m2\repository\org\projectlombok\lombok\1.18.30\lombok-1.18.30.jar;C:\Users\manoj\.m2\repository\me\jvt\cucumber\reporting-plugin\7.11.0\reporting-plugin-7.11.0.jar;C:\Users\manoj\.m2\repository\io\cucumber\gherkin\26.0.3\gherkin-26.0.3.jar;C:\Users\manoj\.m2\repository\io\cucumber\messages\21.0.1\messages-21.0.1.jar;C:\Users\manoj\.m2\repository\net\masterthought\cucumber-reporting\5.7.7\cucumber-reporting-5.7.7.jar;C:\Users\manoj\.m2\repository\com\fasterxml\jackson\core\jackson-databind\2.15.2\jackson-databind-2.15.2.jar;C:\Users\manoj\.m2\repository\com\fasterxml\jackson\core\jackson-annotations\2.15.2\jackson-annotations-2.15.2.jar;C:\Users\manoj\.m2\repository\com\fasterxml\jackson\core\jackson-core\2.15.2\jackson-core-2.15.2.jar;C:\Users\manoj\.m2\repository\com\fasterxml\jackson\datatype\jackson-datatype-jsr310\2.15.2\jackson-datatype-jsr310-2.15.2.jar;C:\Users\manoj\.m2\repository\org\apache\velocity\velocity-engine-core\2.3\velocity-engine-core-2.3.jar;C:\Users\manoj\.m2\repository\joda-time\joda-time\2.12.5\joda-time-2.12.5.jar;C:\Users\manoj\.m2\repository\org\apache\commons\commons-lang3\3.13.0\commons-lang3-3.13.0.jar;C:\Users\manoj\.m2\repository\commons-io\commons-io\2.7\commons-io-2.7.jar;C:\Users\manoj\.m2\repository\org\codehaus\plexus\plexus-utils\3.5.1\plexus-utils-3.5.1.jar;C:\Users\manoj\.m2\repository\org\jsoup\jsoup\1.16.1\jsoup-1.16.1.jar;C:\Users\manoj\.m2\repository\com\googlecode\owasp-java-html-sanitizer\owasp-java-html-sanitizer\20220608.1\owasp-java-html-sanitizer-20220608.1.jar;C:\Users\manoj\.m2\repository\com\google\guava\guava\30.1-jre\guava-30.1-jre.jar;C:\Users\manoj\.m2\repository\com\google\guava\failureaccess\1.0.1\failureaccess-1.0.1.jar;C:\Users\manoj\.m2\repository\com\google\guava\listenablefuture\9999.0-empty-to-avoid-conflict-with-guava\listenablefuture-9999.0-empty-to-avoid-conflict-with-guava.jar;C:\Users\manoj\.m2\repository\com\google\code\findbugs\jsr305\3.0.2\jsr305-3.0.2.jar;C:\Users\manoj\.m2\repository\org\checkerframework\checker-qual\3.5.0\checker-qual-3.5.0.jar;C:\Users\manoj\.m2\repository\com\google\errorprone\error_prone_annotations\2.3.4\error_prone_annotations-2.3.4.jar;C:\Users\manoj\.m2\repository\com\google\j2objc\j2objc-annotations\1.3\j2objc-annotations-1.3.jar;C:\Users\manoj\.m2\repository\commons-configuration\commons-configuration\1.10\commons-configuration-1.10.jar;C:\Users\manoj\.m2\repository\commons-lang\commons-lang\2.6\commons-lang-2.6.jar;C:\Users\manoj\.m2\repository\commons-logging\commons-logging\1.1.1\commons-logging-1.1.1.jar;C:\Users\manoj\.m2\repository\org\seleniumhq\selenium\selenium-java\4.17.0\selenium-java-4.17.0.jar;C:\Users\manoj\.m2\repository\org\seleniumhq\selenium\selenium-api\4.17.0\selenium-api-4.17.0.jar;C:\Users\manoj\.m2\repository\org\seleniumhq\selenium\selenium-chrome-driver\4.17.0\selenium-chrome-driver-4.17.0.jar;C:\Users\manoj\.m2\repository\com\google\auto\service\auto-service-annotations\1.1.1\auto-service-annotations-1.1.1.jar;C:\Users\manoj\.m2\repository\org\seleniumhq\selenium\selenium-chromium-driver\4.17.0\selenium-chromium-driver-4.17.0.jar;C:\Users\manoj\.m2\repository\org\seleniumhq\selenium\selenium-json\4.17.0\selenium-json-4.17.0.jar;C:\Users\manoj\.m2\repository\org\seleniumhq\selenium\selenium-manager\4.17.0\selenium-manager-4.17.0.jar;C:\Users\manoj\.m2\repository\org\seleniumhq\selenium\selenium-devtools-v119\4.17.0\selenium-devtools-v119-4.17.0.jar;C:\Users\manoj\.m2\repository\org\seleniumhq\selenium\selenium-devtools-v120\4.17.0\selenium-devtools-v120-4.17.0.jar;C:\Users\manoj\.m2\repository\org\seleniumhq\selenium\selenium-devtools-v121\4.17.0\selenium-devtools-v121-4.17.0.jar;C:\Users\manoj\.m2\repository\org\seleniumhq\selenium\selenium-devtools-v85\4.17.0\selenium-devtools-v85-4.17.0.jar;C:\Users\manoj\.m2\repository\org\seleniumhq\selenium\selenium-edge-driver\4.17.0\selenium-edge-driver-4.17.0.jar;C:\Users\manoj\.m2\repository\org\seleniumhq\selenium\selenium-firefox-driver\4.17.0\selenium-firefox-driver-4.17.0.jar;C:\Users\manoj\.m2\repository\org\seleniumhq\selenium\selenium-http\4.17.0\selenium-http-4.17.0.jar;C:\Users\manoj\.m2\repository\dev\failsafe\failsafe\3.3.2\failsafe-3.3.2.jar;C:\Users\manoj\.m2\repository\org\seleniumhq\selenium\selenium-ie-driver\4.17.0\selenium-ie-driver-4.17.0.jar;C:\Users\manoj\.m2\repository\org\seleniumhq\selenium\selenium-remote-driver\4.17.0\selenium-remote-driver-4.17.0.jar;C:\Users\manoj\.m2\repository\io\opentelemetry\semconv\opentelemetry-semconv\1.23.1-alpha\opentelemetry-semconv-1.23.1-alpha.jar;C:\Users\manoj\.m2\repository\io\opentelemetry\opentelemetry-api\1.34.1\opentelemetry-api-1.34.1.jar;C:\Users\manoj\.m2\repository\io\opentelemetry\opentelemetry-context\1.34.1\opentelemetry-context-1.34.1.jar;C:\Users\manoj\.m2\repository\io\opentelemetry\opentelemetry-exporter-logging\1.34.1\opentelemetry-exporter-logging-1.34.1.jar;C:\Users\manoj\.m2\repository\io\opentelemetry\opentelemetry-sdk-common\1.34.1\opentelemetry-sdk-common-1.34.1.jar;C:\Users\manoj\.m2\repository\io\opentelemetry\opentelemetry-sdk-extension-autoconfigure-spi\1.34.1\opentelemetry-sdk-extension-autoconfigure-spi-1.34.1.jar;C:\Users\manoj\.m2\repository\io\opentelemetry\opentelemetry-sdk-extension-autoconfigure\1.34.1\opentelemetry-sdk-extension-autoconfigure-1.34.1.jar;C:\Users\manoj\.m2\repository\io\opentelemetry\opentelemetry-api-events\1.34.1-alpha\opentelemetry-api-events-1.34.1-alpha.jar;C:\Users\manoj\.m2\repository\io\opentelemetry\opentelemetry-sdk-trace\1.34.1\opentelemetry-sdk-trace-1.34.1.jar;C:\Users\manoj\.m2\repository\io\opentelemetry\opentelemetry-sdk\1.34.1\opentelemetry-sdk-1.34.1.jar;C:\Users\manoj\.m2\repository\io\opentelemetry\opentelemetry-sdk-metrics\1.34.1\opentelemetry-sdk-metrics-1.34.1.jar;C:\Users\manoj\.m2\repository\io\opentelemetry\opentelemetry-extension-incubator\1.34.1-alpha\opentelemetry-extension-incubator-1.34.1-alpha.jar;C:\Users\manoj\.m2\repository\io\opentelemetry\opentelemetry-sdk-logs\1.34.1\opentelemetry-sdk-logs-1.34.1.jar;C:\Users\manoj\.m2\repository\net\bytebuddy\byte-buddy\1.14.11\byte-buddy-1.14.11.jar;C:\Users\manoj\.m2\repository\org\seleniumhq\selenium\selenium-os\4.17.0\selenium-os-4.17.0.jar;C:\Users\manoj\.m2\repository\org\apache\commons\commons-exec\1.3\commons-exec-1.3.jar;C:\Users\manoj\.m2\repository\org\seleniumhq\selenium\selenium-safari-driver\4.17.0\selenium-safari-driver-4.17.0.jar;C:\Users\manoj\.m2\repository\org\seleniumhq\selenium\selenium-support\4.17.0\selenium-support-4.17.0.jar;C:\Users\manoj\.m2\repository\org\seleniumhq\selenium\htmlunit3-driver\4.17.0\htmlunit3-driver-4.17.0.jar;C:\Users\manoj\.m2\repository\org\htmlunit\htmlunit\3.10.0\htmlunit-3.10.0.jar;C:\Users\manoj\.m2\repository\org\apache\httpcomponents\httpmime\4.5.14\httpmime-4.5.14.jar;C:\Users\manoj\.m2\repository\org\apache\httpcomponents\httpclient\4.5.14\httpclient-4.5.14.jar;C:\Users\manoj\.m2\repository\org\apache\httpcomponents\httpcore\4.4.16\httpcore-4.4.16.jar;C:\Users\manoj\.m2\repository\org\htmlunit\htmlunit-core-js\3.10.0\htmlunit-core-js-3.10.0.jar;C:\Users\manoj\.m2\repository\org\htmlunit\neko-htmlunit\3.10.0\neko-htmlunit-3.10.0.jar;C:\Users\manoj\.m2\repository\org\htmlunit\htmlunit-cssparser\3.10.0\htmlunit-cssparser-3.10.0.jar;C:\Users\manoj\.m2\repository\org\htmlunit\htmlunit-xpath\3.10.0\htmlunit-xpath-3.10.0.jar;C:\Users\manoj\.m2\repository\org\htmlunit\htmlunit-csp\3.10.0\htmlunit-csp-3.10.0.jar;C:\Users\manoj\.m2\repository\org\apache\commons\commons-text\1.11.0\commons-text-1.11.0.jar;C:\Users\manoj\.m2\repository\commons-net\commons-net\3.10.0\commons-net-3.10.0.jar;C:\Users\manoj\.m2\repository\commons-codec\commons-codec\1.16.0\commons-codec-1.16.0.jar;C:\Users\manoj\.m2\repository\org\eclipse\jetty\websocket\websocket-client\9.4.53.v20231009\websocket-client-9.4.53.v20231009.jar;C:\Users\manoj\.m2\repository\org\eclipse\jetty\jetty-client\9.4.53.v20231009\jetty-client-9.4.53.v20231009.jar;C:\Users\manoj\.m2\repository\org\eclipse\jetty\jetty-http\9.4.53.v20231009\jetty-http-9.4.53.v20231009.jar;C:\Users\manoj\.m2\repository\org\eclipse\jetty\jetty-util\9.4.53.v20231009\jetty-util-9.4.53.v20231009.jar;C:\Users\manoj\.m2\repository\org\eclipse\jetty\jetty-io\9.4.53.v20231009\jetty-io-9.4.53.v20231009.jar;C:\Users\manoj\.m2\repository\org\eclipse\jetty\websocket\websocket-common\9.4.53.v20231009\websocket-common-9.4.53.v20231009.jar;C:\Users\manoj\.m2\repository\org\eclipse\jetty\websocket\websocket-api\9.4.53.v20231009\websocket-api-9.4.53.v20231009.jar;C:\Users\manoj\.m2\repository\io\github\bonigarcia\webdrivermanager\5.6.2\webdrivermanager-5.6.2.jar;C:\Users\manoj\.m2\repository\org\slf4j\slf4j-api\2.0.9\slf4j-api-2.0.9.jar;C:\Users\manoj\.m2\repository\com\google\code\gson\gson\2.10.1\gson-2.10.1.jar;C:\Users\manoj\.m2\repository\com\github\docker-java\docker-java\3.3.4\docker-java-3.3.4.jar;C:\Users\manoj\.m2\repository\com\github\docker-java\docker-java-core\3.3.4\docker-java-core-3.3.4.jar;C:\Users\manoj\.m2\repository\com\github\docker-java\docker-java-api\3.3.4\docker-java-api-3.3.4.jar;C:\Users\manoj\.m2\repository\org\bouncycastle\bcpkix-jdk18on\1.76\bcpkix-jdk18on-1.76.jar;C:\Users\manoj\.m2\repository\org\bouncycastle\bcprov-jdk18on\1.76\bcprov-jdk18on-1.76.jar;C:\Users\manoj\.m2\repository\org\bouncycastle\bcutil-jdk18on\1.76\bcutil-jdk18on-1.76.jar;C:\Users\manoj\.m2\repository\org\slf4j\jcl-over-slf4j\1.7.30\jcl-over-slf4j-1.7.30.jar;C:\Users\manoj\.m2\repository\com\github\docker-java\docker-java-transport-httpclient5\3.3.4\docker-java-transport-httpclient5-3.3.4.jar;C:\Users\manoj\.m2\repository\com\github\docker-java\docker-java-transport\3.3.4\docker-java-transport-3.3.4.jar;C:\Users\manoj\.m2\repository\net\java\dev\jna\jna\5.13.0\jna-5.13.0.jar;C:\Users\manoj\.m2\repository\org\brotli\dec\0.1.2\dec-0.1.2.jar;C:\Users\manoj\.m2\repository\org\apache\commons\commons-compress\1.24.0\commons-compress-1.24.0.jar;C:\Users\manoj\.m2\repository\org\apache\httpcomponents\client5\httpclient5\5.2.1\httpclient5-5.2.1.jar;C:\Users\manoj\.m2\repository\org\apache\httpcomponents\core5\httpcore5\5.2\httpcore5-5.2.jar;C:\Users\manoj\.m2\repository\org\apache\httpcomponents\core5\httpcore5-h2\5.2\httpcore5-h2-5.2.jar;C:\Users\manoj\.m2\repository\org\yaml\snakeyaml\2.2\snakeyaml-2.2.jar;C:\Users\manoj\.m2\repository\ch\qos\logback\logback-classic\1.4.11\logback-classic-1.4.11.jar;C:\Users\manoj\.m2\repository\ch\qos\logback\logback-core\1.4.11\logback-core-1.4.11.jar;"/>
    <property name="sun.cpu.endian" value="little"/>
    <property name="user.home" value="C:\Users\manoj"/>
    <property name="user.language" value="en"/>
    <property name="java.specification.vendor" value="Oracle Corporation"/>
    <property name="java.version.date" value="2024-04-16"/>
    <property name="java.home" value="C:\Program Files\Java\jdk-22"/>
    <property name="file.separator" value="\"/>
    <property name="basedir" value="C:\New projects\das-teach-in-further-education-acceptance-tests"/>
    <property name="java.vm.compressedOopsMode" value="32-bit"/>
    <property name="line.separator" value="&#10;"/>
    <property name="java.vm.specification.vendor" value="Oracle Corporation"/>
    <property name="java.specification.name" value="Java Platform API Specification"/>
    <property name="surefire.real.class.path" value="C:\Users\manoj\AppData\Local\Temp\surefire11676044937995487292\surefirebooter-20240926212055120_3.jar"/>
    <property name="user.script" value=""/>
    <property name="sun.management.compiler" value="HotSpot 64-Bit Tiered Compilers"/>
    <property name="java.runtime.version" value="22.0.1+8-16"/>
    <property name="user.name" value="manoj"/>
    <property name="stdout.encoding" value="Cp1252"/>
    <property name="path.separator" value=";"/>
    <property name="os.version" value="10.0"/>
    <property name="java.runtime.name" value="Java(TM) SE Runtime Environment"/>
    <property name="file.encoding" value="UTF-8"/>
    <property name="java.vm.name" value="Java HotSpot(TM) 64-Bit Server VM"/>
    <property name="localRepository" value="C:\Users\manoj\.m2\repository"/>
    <property name="java.vendor.url.bug" value="https://bugreport.java.com/bugreport/"/>
    <property name="java.io.tmpdir" value="C:\Users\manoj\AppData\Local\Temp\"/>
    <property name="java.version" value="22.0.1"/>
    <property name="cucumber.filter.tags" value="@home"/>
    <property name="user.dir" value="C:\New projects\das-teach-in-further-education-acceptance-tests"/>
    <property name="os.arch" value="amd64"/>
    <property name="java.vm.specification.name" value="Java Virtual Machine Specification"/>
    <property name="sun.os.patch.level" value=""/>
    <property name="native.encoding" value="Cp1252"/>
    <property name="java.library.path" value="C:\Program Files\Java\jdk-22\bin;C:\WINDOWS\Sun\Java\bin;C:\WINDOWS\system32;C:\WINDOWS;C:\Program Files\Common Files\Oracle\Java\javapath;C:\Program Files (x86)\Intel\iCLS Client\;C:\Program Files\Intel\iCLS Client\;C:\WINDOWS\system32;C:\WINDOWS;C:\WINDOWS\System32\Wbem;C:\WINDOWS\System32\WindowsPowerShell\v1.0\;C:\Program Files\Microsoft SQL Server\110\Tools\Binn\;C:\Program Files\Microsoft SQL Server\120\Tools\Binn\;C:\Program Files\Java\jre\bin;C:\Program Files (x86)\Intel\Intel(R) Management Engine Components\DAL;C:\Program Files\Intel\Intel(R) Management Engine Components\DAL;C:\Program Files (x86)\Intel\Intel(R) Management Engine Components\IPT;C:\Program Files\Intel\Intel(R) Management Engine Components\IPT;C:\Program Files\Microsoft\Web Platform Installer\;C:\WINDOWS\System32\OpenSSH\;C:\Program Files\Intel\WiFi\bin\;C:\Program Files\Common Files\Intel\WirelessCommon\;C:\Program Files\Git\cmd;C:\Program Files\dotnet\;C:\Program Files\Microsoft SQL Server\130\Tools\Binn\;C:\Program Files\Docker\Docker\resources\bin;C:\ProgramData\DockerDesktop\version-bin;C:\Program Files\Java\jdk-22\bin;C:\Program Files\Java\scripts;C:\ProgramData\chocolatey\bin;C:\Program Files\nodejs;C:\Program Files (x86)\nodejs\;C:\Android;C:\Windows\System32;C:\Maven\apache-maven-3.9.7\bin;C:\Users\manoj\AppData\Roaming\npm\node_modules\windows-build-tools\node_modules\.bin;C:\Users\manoj\AppData\Roaming\npm\node_modules\node_modules\.bin;C:\Users\manoj\AppData\Roaming\npm\node_modules\.bin;C:\Users\manoj\AppData\Roaming\node_modules\.bin;C:\Users\manoj\AppData\node_modules\.bin;C:\Users\manoj\AppData\Roaming\npm\node_modules\npm\node_modules\@npmcli\run-script\lib\node-gyp-bin;C:\Program Files (x86)\Intel\iCLS Client\;C:\Program Files\Intel\iCLS Client\;C:\WINDOWS\system32;C:\WINDOWS;C:\WINDOWS\System32\Wbem;C:\WINDOWS\System32\WindowsPowerShell\v1.0\;C:\Program Files\Microsoft SQL Server\110\Tools\Binn\;C:\Program Files\Microsoft SQL Server\120\Tools\Binn\;C:\Program Files\Java\jre\bin;C:\opt\apache-maven-3.8.4\bin;C:\Program Files (x86)\Intel\Intel(R) Management Engine Components\DAL;C:\Program Files\Intel\Intel(R) Management Engine Components\DAL;C:\Program Files (x86)\Intel\Intel(R) Management Engine Components\IPT;C:\Program Files\Intel\Intel(R) Management Engine Components\IPT;C:\Program Files\Microsoft\Web Platform Installer\;C:\WINDOWS\System32\OpenSSH\;C:\Program Files\Intel\WiFi\bin\;C:\Program Files\Common Files\Intel\WirelessCommon\;C:\Program Files\Git\cmd;C:\Program Files\dotnet\;C:\Program Files\Microsoft SQL Server\130\Tools\Binn\;C:\Program Files\Microsoft SQL Server\Client SDK\ODBC\170\Tools\Binn\;C:\Program Files (x86)\gnupg\bin;C:\Program Files\Docker\Docker\resources\bin;C:\ProgramData\DockerDesktop\version-bin;C:\Program Files\Java\jdk-22\bin;C:\Program Files\Java\scripts;C:\ProgramData\chocolatey\bin;C:\Program Files\nodejs;C:\Users\manoj\AppData\Local\Microsoft\WindowsApps;%IntelliJ IDEA Community Edition%;C:\Users\manoj\AppData\Local\Programs\Microsoft VS Code\bin;C:\Program Files\JetBrains\PyCharm Community Edition 2021.2.1\bin;C:\Users\manoj\.dotnet\tools;C:\Program Files\JetBrains\IntelliJ IDEA 2021.3.1\bin;C:\Users\manoj\AppData\Roaming\npm;C:\Users\manoj\AppData\Local\JetBrains\Toolbox\scripts;C:\Users\manoj\.dotnet\tools;;."/>
    <property name="java.vm.info" value="mixed mode, sharing"/>
    <property name="stderr.encoding" value="Cp1252"/>
    <property name="java.vendor" value="Oracle Corporation"/>
    <property name="java.vm.version" value="22.0.1+8-16"/>
    <property name="sun.io.unicode.encoding" value="UnicodeLittle"/>
    <property name="java.class.version" value="66.0"/>
  </properties>
  <testcase name="Verify User is able to launch website" classname="Teach in Further Education - Check Home page anchors" time="5.191">
    <system-out><![CDATA[
@home
Scenario: Verify User is able to launch website &amp#27;[90m# features/sfa/das//home.feature:5&amp#27;[0m
&amp#27;[34m2024-09-26 21:20:57&amp#27;[0;39m &amp#27;[33m[main]&amp#27;[0;39m [&amp#27;[34mINFO&amp#27;[0;39m] &amp#27;[36mi.g.b.w.WebDriverManager&amp#27;[0;39m   Using chromedriver 129.0.6668.70 (resolved driver for Chrome 129)
&amp#27;[34m2024-09-26 21:20:57&amp#27;[0;39m &amp#27;[33m[main]&amp#27;[0;39m [&amp#27;[34mINFO&amp#27;[0;39m] &amp#27;[36mi.g.b.w.WebDriverManager&amp#27;[0;39m   Exporting webdriver.chrome.driver as C:\New projects\das-teach-in-further-education-acceptance-tests\browser\chromedriver\win64\129.0.6668.70\chromedriver.exe
  &amp#27;[32mGiven &amp#27;[0m&amp#27;[32mthe user navigates to the &amp#27;[0m&amp#27;[32m&amp#27;[1m"HOME"&amp#27;[0m&amp#27;[32m page&amp#27;[0m   &amp#27;[90m# sfa.das.steps.HomeSteps.theUserNavigatesToThePage(java.lang.String)&amp#27;[0m
  &amp#27;[32mThen &amp#27;[0m&amp#27;[32mUser should be redirected to Home Page&amp#27;[0m   &amp#27;[90m# sfa.das.steps.HomeSteps.userShouldBeRedirectedToHomePage()&amp#27;[0m
]]></system-out>
    <system-err><![CDATA[Sept 26, 2024 9:20:59 PM org.openqa.selenium.devtools.CdpVersionFinder findNearestMatch
WARNING: Unable to find CDP implementation matching 129
Sept 26, 2024 9:20:59 PM org.openqa.selenium.chromium.ChromiumDriver lambda$new$5
WARNING: Unable to find version of CDP to use for 129.0.6668.59. You may need to include a dependency on a specific version of the CDP using something similar to `org.seleniumhq.selenium:selenium-devtools-v86:4.17.0` where the version ("v86") matches the version of the chromium-based browser you're using and the version number of the artifact is the same as Selenium's.
]]></system-err>
  </testcase>
  <testcase name="Verify DFE Logo and FE logo in Header" classname="Teach in Further Education - Check Home page anchors" time="3.279">
    <system-out><![CDATA[
@home
Scenario: Verify DFE Logo and FE logo in Header      &amp#27;[90m# features/sfa/das//home.feature:10&amp#27;[0m
&amp#27;[34m2024-09-26 21:21:02&amp#27;[0;39m &amp#27;[33m[main]&amp#27;[0;39m [&amp#27;[34mINFO&amp#27;[0;39m] &amp#27;[36mi.g.b.w.WebDriverManager&amp#27;[0;39m   Using chromedriver 129.0.6668.70 (resolved driver for Chrome 129)
&amp#27;[34m2024-09-26 21:21:02&amp#27;[0;39m &amp#27;[33m[main]&amp#27;[0;39m [&amp#27;[34mINFO&amp#27;[0;39m] &amp#27;[36mi.g.b.w.WebDriverManager&amp#27;[0;39m   Exporting webdriver.chrome.driver as C:\New projects\das-teach-in-further-education-acceptance-tests\browser\chromedriver\win64\129.0.6668.70\chromedriver.exe
  &amp#27;[32mGiven &amp#27;[0m&amp#27;[32mthe user navigates to the &amp#27;[0m&amp#27;[32m&amp#27;[1m"HOME"&amp#27;[0m&amp#27;[32m page&amp#27;[0m        &amp#27;[90m# sfa.das.steps.HomeSteps.theUserNavigatesToThePage(java.lang.String)&amp#27;[0m
  &amp#27;[32mThen &amp#27;[0m&amp#27;[32mDFE and FE Logo should be displayed in header&amp#27;[0m &amp#27;[90m# sfa.das.steps.HomeSteps.DFEAndFeLogoShouldBeDisplayedInHeader()&amp#27;[0m
]]></system-out>
    <system-err><![CDATA[Sept 26, 2024 9:21:03 PM org.openqa.selenium.devtools.CdpVersionFinder findNearestMatch
WARNING: Unable to find CDP implementation matching 129
Sept 26, 2024 9:21:03 PM org.openqa.selenium.chromium.ChromiumDriver lambda$new$5
WARNING: Unable to find version of CDP to use for 129.0.6668.59. You may need to include a dependency on a specific version of the CDP using something similar to `org.seleniumhq.selenium:selenium-devtools-v86:4.17.0` where the version ("v86") matches the version of the chromium-based browser you're using and the version number of the artifact is the same as Selenium's.
]]></system-err>
  </testcase>
  <testcase name="Verify &apos;Is Teaching Right For Me?&apos; Menu on Home Page" classname="Teach in Further Education - Check Home page anchors" time="3.141">
    <system-out><![CDATA[
@home
Scenario: Verify 'Is Teaching Right For Me?' Menu on Home Page      &amp#27;[90m# features/sfa/das//home.feature:15&amp#27;[0m
&amp#27;[34m2024-09-26 21:21:05&amp#27;[0;39m &amp#27;[33m[main]&amp#27;[0;39m [&amp#27;[34mINFO&amp#27;[0;39m] &amp#27;[36mi.g.b.w.WebDriverManager&amp#27;[0;39m   Using chromedriver 129.0.6668.70 (resolved driver for Chrome 129)
&amp#27;[34m2024-09-26 21:21:05&amp#27;[0;39m &amp#27;[33m[main]&amp#27;[0;39m [&amp#27;[34mINFO&amp#27;[0;39m] &amp#27;[36mi.g.b.w.WebDriverManager&amp#27;[0;39m   Exporting webdriver.chrome.driver as C:\New projects\das-teach-in-further-education-acceptance-tests\browser\chromedriver\win64\129.0.6668.70\chromedriver.exe
  &amp#27;[32mGiven &amp#27;[0m&amp#27;[32mthe user navigates to the &amp#27;[0m&amp#27;[32m&amp#27;[1m"HOME"&amp#27;[0m&amp#27;[32m page&amp#27;[0m                       &amp#27;[90m# sfa.das.steps.HomeSteps.theUserNavigatesToThePage(java.lang.String)&amp#27;[0m
  &amp#27;[32mWhen &amp#27;[0m&amp#27;[32muser clicks on 'Is Teaching Right For Me?' Menu&amp#27;[0m              &amp#27;[90m# sfa.das.steps.HomeSteps.userClicksOnIsTeachingRightForMeMenu()&amp#27;[0m
  &amp#27;[32mThen &amp#27;[0m&amp#27;[32muser should be navigated to 'Is Teaching Right For Me?' Page&amp#27;[0m &amp#27;[90m# sfa.das.steps.HomeSteps.userShouldBeNavigatedToIsTeachingRightForMePage()&amp#27;[0m
]]></system-out>
    <system-err><![CDATA[Sept 26, 2024 9:21:06 PM org.openqa.selenium.devtools.CdpVersionFinder findNearestMatch
WARNING: Unable to find CDP implementation matching 129
Sept 26, 2024 9:21:06 PM org.openqa.selenium.chromium.ChromiumDriver lambda$new$5
WARNING: Unable to find version of CDP to use for 129.0.6668.59. You may need to include a dependency on a specific version of the CDP using something similar to `org.seleniumhq.selenium:selenium-devtools-v86:4.17.0` where the version ("v86") matches the version of the chromium-based browser you're using and the version number of the artifact is the same as Selenium's.
]]></system-err>
  </testcase>
  <testcase name="Verify &apos;Become a FE Teacher&apos; Menu on Home Page" classname="Teach in Further Education - Check Home page anchors" time="2.984">
    <system-out><![CDATA[
@home
Scenario: Verify 'Become a FE Teacher' Menu on Home Page      &amp#27;[90m# features/sfa/das//home.feature:21&amp#27;[0m
&amp#27;[34m2024-09-26 21:21:08&amp#27;[0;39m &amp#27;[33m[main]&amp#27;[0;39m [&amp#27;[34mINFO&amp#27;[0;39m] &amp#27;[36mi.g.b.w.WebDriverManager&amp#27;[0;39m   Using chromedriver 129.0.6668.70 (resolved driver for Chrome 129)
&amp#27;[34m2024-09-26 21:21:08&amp#27;[0;39m &amp#27;[33m[main]&amp#27;[0;39m [&amp#27;[34mINFO&amp#27;[0;39m] &amp#27;[36mi.g.b.w.WebDriverManager&amp#27;[0;39m   Exporting webdriver.chrome.driver as C:\New projects\das-teach-in-further-education-acceptance-tests\browser\chromedriver\win64\129.0.6668.70\chromedriver.exe
  &amp#27;[32mGiven &amp#27;[0m&amp#27;[32mthe user navigates to the &amp#27;[0m&amp#27;[32m&amp#27;[1m"HOME"&amp#27;[0m&amp#27;[32m page&amp#27;[0m                 &amp#27;[90m# sfa.das.steps.HomeSteps.theUserNavigatesToThePage(java.lang.String)&amp#27;[0m
  &amp#27;[32mWhen &amp#27;[0m&amp#27;[32muser clicks on 'Become a FE Teacher' Menu&amp#27;[0m              &amp#27;[90m# sfa.das.steps.HomeSteps.userClicksOnBecomeAFETeachersMenu()&amp#27;[0m
  &amp#27;[32mThen &amp#27;[0m&amp#27;[32muser should be navigated to 'Become a FE Teacher' Page&amp#27;[0m &amp#27;[90m# sfa.das.steps.HomeSteps.userShouldBeNavigatedToBecomeAFETeacherPage()&amp#27;[0m
]]></system-out>
    <system-err><![CDATA[Sept 26, 2024 9:21:09 PM org.openqa.selenium.devtools.CdpVersionFinder findNearestMatch
WARNING: Unable to find CDP implementation matching 129
Sept 26, 2024 9:21:09 PM org.openqa.selenium.chromium.ChromiumDriver lambda$new$5
WARNING: Unable to find version of CDP to use for 129.0.6668.59. You may need to include a dependency on a specific version of the CDP using something similar to `org.seleniumhq.selenium:selenium-devtools-v86:4.17.0` where the version ("v86") matches the version of the chromium-based browser you're using and the version number of the artifact is the same as Selenium's.
]]></system-err>
  </testcase>
  <testcase name="Verify &apos;Search for a teaching job&apos; Menu on Home Page" classname="Teach in Further Education - Check Home page anchors" time="2.753">
    <system-out><![CDATA[
@home
Scenario: Verify 'Search for a teaching job' Menu on Home Page      &amp#27;[90m# features/sfa/das//home.feature:27&amp#27;[0m
&amp#27;[34m2024-09-26 21:21:11&amp#27;[0;39m &amp#27;[33m[main]&amp#27;[0;39m [&amp#27;[34mINFO&amp#27;[0;39m] &amp#27;[36mi.g.b.w.WebDriverManager&amp#27;[0;39m   Using chromedriver 129.0.6668.70 (resolved driver for Chrome 129)
&amp#27;[34m2024-09-26 21:21:11&amp#27;[0;39m &amp#27;[33m[main]&amp#27;[0;39m [&amp#27;[34mINFO&amp#27;[0;39m] &amp#27;[36mi.g.b.w.WebDriverManager&amp#27;[0;39m   Exporting webdriver.chrome.driver as C:\New projects\das-teach-in-further-education-acceptance-tests\browser\chromedriver\win64\129.0.6668.70\chromedriver.exe
  &amp#27;[32mGiven &amp#27;[0m&amp#27;[32mthe user navigates to the &amp#27;[0m&amp#27;[32m&amp#27;[1m"HOME"&amp#27;[0m&amp#27;[32m page&amp#27;[0m                       &amp#27;[90m# sfa.das.steps.HomeSteps.theUserNavigatesToThePage(java.lang.String)&amp#27;[0m
  &amp#27;[32mWhen &amp#27;[0m&amp#27;[32muser clicks on 'Search for a teaching job' Menu&amp#27;[0m              &amp#27;[90m# sfa.das.steps.HomeSteps.userClicksOnSearchForATeachingJobMenu()&amp#27;[0m
  &amp#27;[32mThen &amp#27;[0m&amp#27;[32muser should be navigated to 'Search for a teaching job' Page&amp#27;[0m &amp#27;[90m# sfa.das.steps.HomeSteps.userShouldBeNavigatedTSearchForATeachingJobPage()&amp#27;[0m
]]></system-out>
    <system-err><![CDATA[Sept 26, 2024 9:21:12 PM org.openqa.selenium.devtools.CdpVersionFinder findNearestMatch
WARNING: Unable to find CDP implementation matching 129
Sept 26, 2024 9:21:12 PM org.openqa.selenium.chromium.ChromiumDriver lambda$new$5
WARNING: Unable to find version of CDP to use for 129.0.6668.59. You may need to include a dependency on a specific version of the CDP using something similar to `org.seleniumhq.selenium:selenium-devtools-v86:4.17.0` where the version ("v86") matches the version of the chromium-based browser you're using and the version number of the artifact is the same as Selenium's.
]]></system-err>
  </testcase>
  <testcase name="Verify &apos;Find Funding And Training&apos; Menu on Home Page" classname="Teach in Further Education - Check Home page anchors" time="2.403">
    <system-out><![CDATA[
@home
Scenario: Verify 'Find Funding And Training' Menu on Home Page      &amp#27;[90m# features/sfa/das//home.feature:33&amp#27;[0m
&amp#27;[34m2024-09-26 21:21:14&amp#27;[0;39m &amp#27;[33m[main]&amp#27;[0;39m [&amp#27;[34mINFO&amp#27;[0;39m] &amp#27;[36mi.g.b.w.WebDriverManager&amp#27;[0;39m   Using chromedriver 129.0.6668.70 (resolved driver for Chrome 129)
&amp#27;[34m2024-09-26 21:21:14&amp#27;[0;39m &amp#27;[33m[main]&amp#27;[0;39m [&amp#27;[34mINFO&amp#27;[0;39m] &amp#27;[36mi.g.b.w.WebDriverManager&amp#27;[0;39m   Exporting webdriver.chrome.driver as C:\New projects\das-teach-in-further-education-acceptance-tests\browser\chromedriver\win64\129.0.6668.70\chromedriver.exe
  &amp#27;[32mGiven &amp#27;[0m&amp#27;[32mthe user navigates to the &amp#27;[0m&amp#27;[32m&amp#27;[1m"HOME"&amp#27;[0m&amp#27;[32m page&amp#27;[0m                       &amp#27;[90m# sfa.das.steps.HomeSteps.theUserNavigatesToThePage(java.lang.String)&amp#27;[0m
  &amp#27;[32mWhen &amp#27;[0m&amp#27;[32muser clicks on 'Find Funding And Training' Menu&amp#27;[0m              &amp#27;[90m# sfa.das.steps.HomeSteps.userClicksOnFindFundingAndTrainingMenu()&amp#27;[0m
  &amp#27;[32mThen &amp#27;[0m&amp#27;[32muser should be navigated to 'Find Funding And Training' Page&amp#27;[0m &amp#27;[90m# sfa.das.steps.HomeSteps.userShouldBeNavigatedToFindFundingAndTrainingPage()&amp#27;[0m
]]></system-out>
    <system-err><![CDATA[Sept 26, 2024 9:21:15 PM org.openqa.selenium.devtools.CdpVersionFinder findNearestMatch
WARNING: Unable to find CDP implementation matching 129
Sept 26, 2024 9:21:15 PM org.openqa.selenium.chromium.ChromiumDriver lambda$new$5
WARNING: Unable to find version of CDP to use for 129.0.6668.59. You may need to include a dependency on a specific version of the CDP using something similar to `org.seleniumhq.selenium:selenium-devtools-v86:4.17.0` where the version ("v86") matches the version of the chromium-based browser you're using and the version number of the artifact is the same as Selenium's.
]]></system-err>
  </testcase>
  <testcase name="Verify &apos;Talk to an adviser&apos; Menu on Home Page" classname="Teach in Further Education - Check Home page anchors" time="2.379">
    <system-out><![CDATA[
@home
Scenario: Verify 'Talk to an adviser' Menu on Home Page      &amp#27;[90m# features/sfa/das//home.feature:39&amp#27;[0m
&amp#27;[34m2024-09-26 21:21:16&amp#27;[0;39m &amp#27;[33m[main]&amp#27;[0;39m [&amp#27;[34mINFO&amp#27;[0;39m] &amp#27;[36mi.g.b.w.WebDriverManager&amp#27;[0;39m   Using chromedriver 129.0.6668.70 (resolved driver for Chrome 129)
&amp#27;[34m2024-09-26 21:21:16&amp#27;[0;39m &amp#27;[33m[main]&amp#27;[0;39m [&amp#27;[34mINFO&amp#27;[0;39m] &amp#27;[36mi.g.b.w.WebDriverManager&amp#27;[0;39m   Exporting webdriver.chrome.driver as C:\New projects\das-teach-in-further-education-acceptance-tests\browser\chromedriver\win64\129.0.6668.70\chromedriver.exe
  &amp#27;[32mGiven &amp#27;[0m&amp#27;[32mthe user navigates to the &amp#27;[0m&amp#27;[32m&amp#27;[1m"HOME"&amp#27;[0m&amp#27;[32m page&amp#27;[0m                &amp#27;[90m# sfa.das.steps.HomeSteps.theUserNavigatesToThePage(java.lang.String)&amp#27;[0m
  &amp#27;[32mWhen &amp#27;[0m&amp#27;[32muser clicks on 'Talk to an adviser' Menu&amp#27;[0m              &amp#27;[90m# sfa.das.steps.HomeSteps.userClicksOnTalkToAnAdviserMenu()&amp#27;[0m
  &amp#27;[32mThen &amp#27;[0m&amp#27;[32muser should be navigated to 'Talk to an adviser' Page&amp#27;[0m &amp#27;[90m# sfa.das.steps.HomeSteps.userShouldBeNavigatedToTalkToAnAdviserPage()&amp#27;[0m
]]></system-out>
    <system-err><![CDATA[Sept 26, 2024 9:21:17 PM org.openqa.selenium.devtools.CdpVersionFinder findNearestMatch
WARNING: Unable to find CDP implementation matching 129
Sept 26, 2024 9:21:17 PM org.openqa.selenium.chromium.ChromiumDriver lambda$new$5
WARNING: Unable to find version of CDP to use for 129.0.6668.59. You may need to include a dependency on a specific version of the CDP using something similar to `org.seleniumhq.selenium:selenium-devtools-v86:4.17.0` where the version ("v86") matches the version of the chromium-based browser you're using and the version number of the artifact is the same as Selenium's.
]]></system-err>
  </testcase>
  <testcase name="Verify &apos;How To Prepare A Micro Teach&apos; Link on Home Page" classname="Teach in Further Education - Check Home page anchors" time="3.656">
    <system-out><![CDATA[
@home
Scenario: Verify 'How To Prepare A Micro Teach' Link on Home Page      &amp#27;[90m# features/sfa/das//home.feature:45&amp#27;[0m
&amp#27;[34m2024-09-26 21:21:19&amp#27;[0;39m &amp#27;[33m[main]&amp#27;[0;39m [&amp#27;[34mINFO&amp#27;[0;39m] &amp#27;[36mi.g.b.w.WebDriverManager&amp#27;[0;39m   Using chromedriver 129.0.6668.70 (resolved driver for Chrome 129)
&amp#27;[34m2024-09-26 21:21:19&amp#27;[0;39m &amp#27;[33m[main]&amp#27;[0;39m [&amp#27;[34mINFO&amp#27;[0;39m] &amp#27;[36mi.g.b.w.WebDriverManager&amp#27;[0;39m   Exporting webdriver.chrome.driver as C:\New projects\das-teach-in-further-education-acceptance-tests\browser\chromedriver\win64\129.0.6668.70\chromedriver.exe
  &amp#27;[32mGiven &amp#27;[0m&amp#27;[32mthe user navigates to the &amp#27;[0m&amp#27;[32m&amp#27;[1m"HOME"&amp#27;[0m&amp#27;[32m page&amp#27;[0m                          &amp#27;[90m# sfa.das.steps.HomeSteps.theUserNavigatesToThePage(java.lang.String)&amp#27;[0m
  &amp#27;[32mWhen &amp#27;[0m&amp#27;[32muser clicks on 'How To Prepare A Micro Teach' Link&amp#27;[0m              &amp#27;[90m# sfa.das.steps.HomeSteps.userClicksOnHowToPrepareAMicroTeachLink()&amp#27;[0m
  &amp#27;[32mThen &amp#27;[0m&amp#27;[32muser should be navigated to 'How To Prepare A Micro Teach' Page&amp#27;[0m &amp#27;[90m# sfa.das.steps.HomeSteps.userShouldBeNavigatedToHowToPrepareAMicroTeachLink()&amp#27;[0m
]]></system-out>
    <system-err><![CDATA[Sept 26, 2024 9:21:20 PM org.openqa.selenium.devtools.CdpVersionFinder findNearestMatch
WARNING: Unable to find CDP implementation matching 129
Sept 26, 2024 9:21:20 PM org.openqa.selenium.chromium.ChromiumDriver lambda$new$5
WARNING: Unable to find version of CDP to use for 129.0.6668.59. You may need to include a dependency on a specific version of the CDP using something similar to `org.seleniumhq.selenium:selenium-devtools-v86:4.17.0` where the version ("v86") matches the version of the chromium-based browser you're using and the version number of the artifact is the same as Selenium's.
]]></system-err>
  </testcase>
  <testcase name="Verify &apos;Find out more about your funding and training options&apos; Link on Home Page" classname="Teach in Further Education - Check Home page anchors" time="2.558">
    <system-out><![CDATA[
@home
Scenario: Verify 'Find out more about your funding and training options' Link on Home Page      &amp#27;[90m# features/sfa/das//home.feature:51&amp#27;[0m
&amp#27;[34m2024-09-26 21:21:22&amp#27;[0;39m &amp#27;[33m[main]&amp#27;[0;39m [&amp#27;[34mINFO&amp#27;[0;39m] &amp#27;[36mi.g.b.w.WebDriverManager&amp#27;[0;39m   Using chromedriver 129.0.6668.70 (resolved driver for Chrome 129)
&amp#27;[34m2024-09-26 21:21:22&amp#27;[0;39m &amp#27;[33m[main]&amp#27;[0;39m [&amp#27;[34mINFO&amp#27;[0;39m] &amp#27;[36mi.g.b.w.WebDriverManager&amp#27;[0;39m   Exporting webdriver.chrome.driver as C:\New projects\das-teach-in-further-education-acceptance-tests\browser\chromedriver\win64\129.0.6668.70\chromedriver.exe
  &amp#27;[32mGiven &amp#27;[0m&amp#27;[32mthe user navigates to the &amp#27;[0m&amp#27;[32m&amp#27;[1m"HOME"&amp#27;[0m&amp#27;[32m page&amp#27;[0m                                                   &amp#27;[90m# sfa.das.steps.HomeSteps.theUserNavigatesToThePage(java.lang.String)&amp#27;[0m
  &amp#27;[32mWhen &amp#27;[0m&amp#27;[32muser clicks on 'Find out more about your funding and training options' Link&amp#27;[0m              &amp#27;[90m# sfa.das.steps.HomeSteps.userClicksOnFindOutMoreAboutYourFundingAndTrainingOptionsLink()&amp#27;[0m
  &amp#27;[32mThen &amp#27;[0m&amp#27;[32muser should be navigated to 'Find out more about your funding and training options' Page&amp#27;[0m &amp#27;[90m# sfa.das.steps.HomeSteps.userShouldBeNavigatedToFindOutMoreAboutYourFundingAndTrainingOptionsLink()&amp#27;[0m
]]></system-out>
    <system-err><![CDATA[Sept 26, 2024 9:21:23 PM org.openqa.selenium.devtools.CdpVersionFinder findNearestMatch
WARNING: Unable to find CDP implementation matching 129
Sept 26, 2024 9:21:23 PM org.openqa.selenium.chromium.ChromiumDriver lambda$new$5
WARNING: Unable to find version of CDP to use for 129.0.6668.59. You may need to include a dependency on a specific version of the CDP using something similar to `org.seleniumhq.selenium:selenium-devtools-v86:4.17.0` where the version ("v86") matches the version of the chromium-based browser you're using and the version number of the artifact is the same as Selenium's.
]]></system-err>
  </testcase>
  <testcase name="Verify Contact Details on Home page" classname="Teach in Further Education - Check Home page anchors" time="2.221">
    <system-out><![CDATA[
@home
Scenario: Verify Contact Details on Home page                     &amp#27;[90m# features/sfa/das//home.feature:57&amp#27;[0m
&amp#27;[34m2024-09-26 21:21:25&amp#27;[0;39m &amp#27;[33m[main]&amp#27;[0;39m [&amp#27;[34mINFO&amp#27;[0;39m] &amp#27;[36mi.g.b.w.WebDriverManager&amp#27;[0;39m   Using chromedriver 129.0.6668.70 (resolved driver for Chrome 129)
&amp#27;[34m2024-09-26 21:21:25&amp#27;[0;39m &amp#27;[33m[main]&amp#27;[0;39m [&amp#27;[34mINFO&amp#27;[0;39m] &amp#27;[36mi.g.b.w.WebDriverManager&amp#27;[0;39m   Exporting webdriver.chrome.driver as C:\New projects\das-teach-in-further-education-acceptance-tests\browser\chromedriver\win64\129.0.6668.70\chromedriver.exe
  &amp#27;[32mGiven &amp#27;[0m&amp#27;[32mthe user navigates to the &amp#27;[0m&amp#27;[32m&amp#27;[1m"HOME"&amp#27;[0m&amp#27;[32m page&amp#27;[0m                     &amp#27;[90m# sfa.das.steps.HomeSteps.theUserNavigatesToThePage(java.lang.String)&amp#27;[0m
  &amp#27;[32mThen &amp#27;[0m&amp#27;[32mUser should be able to see Phone and Email contact details&amp#27;[0m &amp#27;[90m# sfa.das.steps.HomeSteps.validateContactDetails()&amp#27;[0m
]]></system-out>
    <system-err><![CDATA[Sept 26, 2024 9:21:26 PM org.openqa.selenium.devtools.CdpVersionFinder findNearestMatch
WARNING: Unable to find CDP implementation matching 129
Sept 26, 2024 9:21:26 PM org.openqa.selenium.chromium.ChromiumDriver lambda$new$5
WARNING: Unable to find version of CDP to use for 129.0.6668.59. You may need to include a dependency on a specific version of the CDP using something similar to `org.seleniumhq.selenium:selenium-devtools-v86:4.17.0` where the version ("v86") matches the version of the chromium-based browser you're using and the version number of the artifact is the same as Selenium's.
]]></system-err>
  </testcase>
  <testcase name="Verify Tile1 link on the Home page" classname="Teach in Further Education - Check Home page anchors" time="2.18">
    <system-out><![CDATA[
@home
Scenario: Verify Tile1 link on the Home page                                     &amp#27;[90m# features/sfa/das//home.feature:62&amp#27;[0m
&amp#27;[34m2024-09-26 21:21:27&amp#27;[0;39m &amp#27;[33m[main]&amp#27;[0;39m [&amp#27;[34mINFO&amp#27;[0;39m] &amp#27;[36mi.g.b.w.WebDriverManager&amp#27;[0;39m   Using chromedriver 129.0.6668.70 (resolved driver for Chrome 129)
&amp#27;[34m2024-09-26 21:21:27&amp#27;[0;39m &amp#27;[33m[main]&amp#27;[0;39m [&amp#27;[34mINFO&amp#27;[0;39m] &amp#27;[36mi.g.b.w.WebDriverManager&amp#27;[0;39m   Exporting webdriver.chrome.driver as C:\New projects\das-teach-in-further-education-acceptance-tests\browser\chromedriver\win64\129.0.6668.70\chromedriver.exe
  &amp#27;[32mGiven &amp#27;[0m&amp#27;[32mthe user navigates to the &amp#27;[0m&amp#27;[32m&amp#27;[1m"Become a further education (FE) teacher"&amp#27;[0m&amp#27;[32m page&amp#27;[0m &amp#27;[90m# sfa.das.steps.HomeSteps.theUserNavigatesToThePage(java.lang.String)&amp#27;[0m
  &amp#27;[32mThen &amp#27;[0m&amp#27;[32muser should be navigated to 'Become a further education FE teacher' page&amp#27;[0m  &amp#27;[90m# sfa.das.steps.HomeSteps.userShouldBeNavigatedToBecomeAFurtherEducationTeacherFETeacherPage()&amp#27;[0m
]]></system-out>
    <system-err><![CDATA[Sept 26, 2024 9:21:28 PM org.openqa.selenium.devtools.CdpVersionFinder findNearestMatch
WARNING: Unable to find CDP implementation matching 129
Sept 26, 2024 9:21:28 PM org.openqa.selenium.chromium.ChromiumDriver lambda$new$5
WARNING: Unable to find version of CDP to use for 129.0.6668.59. You may need to include a dependency on a specific version of the CDP using something similar to `org.seleniumhq.selenium:selenium-devtools-v86:4.17.0` where the version ("v86") matches the version of the chromium-based browser you're using and the version number of the artifact is the same as Selenium's.
]]></system-err>
  </testcase>
  <testcase name="Verify Tile2 link on the Home page" classname="Teach in Further Education - Check Home page anchors" time="2.532">
    <system-out><![CDATA[
@home
Scenario: Verify Tile2 link on the Home page                        &amp#27;[90m# features/sfa/das//home.feature:67&amp#27;[0m
&amp#27;[34m2024-09-26 21:21:29&amp#27;[0;39m &amp#27;[33m[main]&amp#27;[0;39m [&amp#27;[34mINFO&amp#27;[0;39m] &amp#27;[36mi.g.b.w.WebDriverManager&amp#27;[0;39m   Using chromedriver 129.0.6668.70 (resolved driver for Chrome 129)
&amp#27;[34m2024-09-26 21:21:29&amp#27;[0;39m &amp#27;[33m[main]&amp#27;[0;39m [&amp#27;[34mINFO&amp#27;[0;39m] &amp#27;[36mi.g.b.w.WebDriverManager&amp#27;[0;39m   Exporting webdriver.chrome.driver as C:\New projects\das-teach-in-further-education-acceptance-tests\browser\chromedriver\win64\129.0.6668.70\chromedriver.exe
  &amp#27;[32mGiven &amp#27;[0m&amp#27;[32mthe user navigates to the &amp#27;[0m&amp#27;[32m&amp#27;[1m"Is teaching right for me?"&amp#27;[0m&amp#27;[32m page&amp#27;[0m  &amp#27;[90m# sfa.das.steps.HomeSteps.theUserNavigatesToThePage(java.lang.String)&amp#27;[0m
  &amp#27;[32mThen &amp#27;[0m&amp#27;[32muser should be navigated to 'Is teaching right for me?' page&amp#27;[0m &amp#27;[90m# sfa.das.steps.HomeSteps.userShouldBeNavigatedToIsTeachingRightForMePages()&amp#27;[0m
]]></system-out>
    <system-err><![CDATA[Sept 26, 2024 9:21:30 PM org.openqa.selenium.devtools.CdpVersionFinder findNearestMatch
WARNING: Unable to find CDP implementation matching 129
Sept 26, 2024 9:21:30 PM org.openqa.selenium.chromium.ChromiumDriver lambda$new$5
WARNING: Unable to find version of CDP to use for 129.0.6668.59. You may need to include a dependency on a specific version of the CDP using something similar to `org.seleniumhq.selenium:selenium-devtools-v86:4.17.0` where the version ("v86") matches the version of the chromium-based browser you're using and the version number of the artifact is the same as Selenium's.
]]></system-err>
  </testcase>
  <testcase name="Verify Tile3 link on the Home page" classname="Teach in Further Education - Check Home page anchors" time="3.482">
    <system-out><![CDATA[
@home
Scenario: Verify Tile3 link on the Home page                          &amp#27;[90m# features/sfa/das//home.feature:72&amp#27;[0m
&amp#27;[34m2024-09-26 21:21:32&amp#27;[0;39m &amp#27;[33m[main]&amp#27;[0;39m [&amp#27;[34mINFO&amp#27;[0;39m] &amp#27;[36mi.g.b.w.WebDriverManager&amp#27;[0;39m   Using chromedriver 129.0.6668.70 (resolved driver for Chrome 129)
&amp#27;[34m2024-09-26 21:21:32&amp#27;[0;39m &amp#27;[33m[main]&amp#27;[0;39m [&amp#27;[34mINFO&amp#27;[0;39m] &amp#27;[36mi.g.b.w.WebDriverManager&amp#27;[0;39m   Exporting webdriver.chrome.driver as C:\New projects\das-teach-in-further-education-acceptance-tests\browser\chromedriver\win64\129.0.6668.70\chromedriver.exe
  &amp#27;[32mGiven &amp#27;[0m&amp#27;[32mthe user navigates to the &amp#27;[0m&amp#27;[32m&amp#27;[1m"Check if you can teach in FE"&amp#27;[0m&amp#27;[32m page&amp#27;[0m &amp#27;[90m# sfa.das.steps.HomeSteps.theUserNavigatesToThePage(java.lang.String)&amp#27;[0m
  &amp#27;[32mThen &amp#27;[0m&amp#27;[32muser should be navigated to CheckIfYouCanTeachInFE page&amp#27;[0m        &amp#27;[90m# sfa.das.steps.HomeSteps.userShouldBeNavigatedToCheckIfYouCanTeachInFEPages()&amp#27;[0m
]]></system-out>
    <system-err><![CDATA[Sept 26, 2024 9:21:33 PM org.openqa.selenium.devtools.CdpVersionFinder findNearestMatch
WARNING: Unable to find CDP implementation matching 129
Sept 26, 2024 9:21:33 PM org.openqa.selenium.chromium.ChromiumDriver lambda$new$5
WARNING: Unable to find version of CDP to use for 129.0.6668.59. You may need to include a dependency on a specific version of the CDP using something similar to `org.seleniumhq.selenium:selenium-devtools-v86:4.17.0` where the version ("v86") matches the version of the chromium-based browser you're using and the version number of the artifact is the same as Selenium's.
]]></system-err>
  </testcase>
  <testcase name="Verify Tile4 link on the Home page" classname="Teach in Further Education - Check Home page anchors" time="2.31">
    <system-out><![CDATA[
@home
Scenario: Verify Tile4 link on the Home page                        &amp#27;[90m# features/sfa/das//home.feature:77&amp#27;[0m
&amp#27;[34m2024-09-26 21:21:35&amp#27;[0;39m &amp#27;[33m[main]&amp#27;[0;39m [&amp#27;[34mINFO&amp#27;[0;39m] &amp#27;[36mi.g.b.w.WebDriverManager&amp#27;[0;39m   Using chromedriver 129.0.6668.70 (resolved driver for Chrome 129)
&amp#27;[34m2024-09-26 21:21:35&amp#27;[0;39m &amp#27;[33m[main]&amp#27;[0;39m [&amp#27;[34mINFO&amp#27;[0;39m] &amp#27;[36mi.g.b.w.WebDriverManager&amp#27;[0;39m   Exporting webdriver.chrome.driver as C:\New projects\das-teach-in-further-education-acceptance-tests\browser\chromedriver\win64\129.0.6668.70\chromedriver.exe
  &amp#27;[32mGiven &amp#27;[0m&amp#27;[32mthe user navigates to the &amp#27;[0m&amp#27;[32m&amp#27;[1m"Find funding and training"&amp#27;[0m&amp#27;[32m page&amp#27;[0m  &amp#27;[90m# sfa.das.steps.HomeSteps.theUserNavigatesToThePage(java.lang.String)&amp#27;[0m
  &amp#27;[32mThen &amp#27;[0m&amp#27;[32muser should be navigated to 'Find funding and training' page&amp#27;[0m &amp#27;[90m# sfa.das.steps.HomeSteps.userShouldBeNavigatedToFindFundingAndTrainingPages()&amp#27;[0m
]]></system-out>
    <system-err><![CDATA[Sept 26, 2024 9:21:36 PM org.openqa.selenium.devtools.CdpVersionFinder findNearestMatch
WARNING: Unable to find CDP implementation matching 129
Sept 26, 2024 9:21:36 PM org.openqa.selenium.chromium.ChromiumDriver lambda$new$5
WARNING: Unable to find version of CDP to use for 129.0.6668.59. You may need to include a dependency on a specific version of the CDP using something similar to `org.seleniumhq.selenium:selenium-devtools-v86:4.17.0` where the version ("v86") matches the version of the chromium-based browser you're using and the version number of the artifact is the same as Selenium's.
]]></system-err>
  </testcase>
  <testcase name="Verify Sign Up feature on Home Page" classname="Teach in Further Education - Check Home page anchors" time="3.012">
    <system-out><![CDATA[
@home
Scenario: Verify Sign Up feature on Home Page         &amp#27;[90m# features/sfa/das//home.feature:82&amp#27;[0m
&amp#27;[34m2024-09-26 21:21:37&amp#27;[0;39m &amp#27;[33m[main]&amp#27;[0;39m [&amp#27;[34mINFO&amp#27;[0;39m] &amp#27;[36mi.g.b.w.WebDriverManager&amp#27;[0;39m   Using chromedriver 129.0.6668.70 (resolved driver for Chrome 129)
&amp#27;[34m2024-09-26 21:21:37&amp#27;[0;39m &amp#27;[33m[main]&amp#27;[0;39m [&amp#27;[34mINFO&amp#27;[0;39m] &amp#27;[36mi.g.b.w.WebDriverManager&amp#27;[0;39m   Exporting webdriver.chrome.driver as C:\New projects\das-teach-in-further-education-acceptance-tests\browser\chromedriver\win64\129.0.6668.70\chromedriver.exe
  &amp#27;[32mGiven &amp#27;[0m&amp#27;[32mthe user navigates to the &amp#27;[0m&amp#27;[32m&amp#27;[1m"Home"&amp#27;[0m&amp#27;[32m page&amp#27;[0m         &amp#27;[90m# sfa.das.steps.HomeSteps.theUserNavigatesToThePage(java.lang.String)&amp#27;[0m
  &amp#27;[32mWhen &amp#27;[0m&amp#27;[32muser enters email id in email field&amp#27;[0m            &amp#27;[90m# sfa.das.steps.HomeSteps.userEntersEmailInEmailField()&amp#27;[0m
  &amp#27;[32mAnd &amp#27;[0m&amp#27;[32muser selects subject name in subjects drop down&amp#27;[0m &amp#27;[90m# sfa.das.steps.HomeSteps.userSelectsSubjectNameInSubjectDropDown()&amp#27;[0m
  &amp#27;[32mAnd &amp#27;[0m&amp#27;[32muser selects location in location drop down&amp#27;[0m     &amp#27;[90m# sfa.das.steps.HomeSteps.userSelectsLocationInLocationDropDown()&amp#27;[0m
  &amp#27;[32mThen &amp#27;[0m&amp#27;[32mUser should be able to submit the form&amp#27;[0m         &amp#27;[90m# sfa.das.steps.HomeSteps.user_should_be_able_to_submit_the_form()&amp#27;[0m
]]></system-out>
    <system-err><![CDATA[Sept 26, 2024 9:21:39 PM org.openqa.selenium.devtools.CdpVersionFinder findNearestMatch
WARNING: Unable to find CDP implementation matching 129
Sept 26, 2024 9:21:39 PM org.openqa.selenium.chromium.ChromiumDriver lambda$new$5
WARNING: Unable to find version of CDP to use for 129.0.6668.59. You may need to include a dependency on a specific version of the CDP using something similar to `org.seleniumhq.selenium:selenium-devtools-v86:4.17.0` where the version ("v86") matches the version of the chromium-based browser you're using and the version number of the artifact is the same as Selenium's.
]]></system-err>
  </testcase>
  <testcase name="Verify Cookies Policy Footer Link on Home Page" classname="Teach in Further Education - Check Home page anchors" time="2.287">
    <system-out><![CDATA[
@home
Scenario: Verify Cookies Policy Footer Link on Home Page &amp#27;[90m# features/sfa/das//home.feature:90&amp#27;[0m
&amp#27;[34m2024-09-26 21:21:40&amp#27;[0;39m &amp#27;[33m[main]&amp#27;[0;39m [&amp#27;[34mINFO&amp#27;[0;39m] &amp#27;[36mi.g.b.w.WebDriverManager&amp#27;[0;39m   Using chromedriver 129.0.6668.70 (resolved driver for Chrome 129)
&amp#27;[34m2024-09-26 21:21:40&amp#27;[0;39m &amp#27;[33m[main]&amp#27;[0;39m [&amp#27;[34mINFO&amp#27;[0;39m] &amp#27;[36mi.g.b.w.WebDriverManager&amp#27;[0;39m   Exporting webdriver.chrome.driver as C:\New projects\das-teach-in-further-education-acceptance-tests\browser\chromedriver\win64\129.0.6668.70\chromedriver.exe
  &amp#27;[32mGiven &amp#27;[0m&amp#27;[32mthe user navigates to the &amp#27;[0m&amp#27;[32m&amp#27;[1m"Home"&amp#27;[0m&amp#27;[32m page&amp#27;[0m            &amp#27;[90m# sfa.das.steps.HomeSteps.theUserNavigatesToThePage(java.lang.String)&amp#27;[0m
  &amp#27;[32mWhen &amp#27;[0m&amp#27;[32muser clicks on Cookies Policy Link&amp#27;[0m                &amp#27;[90m# sfa.das.steps.HomeSteps.user_clicks_on_cookies_policy_link()&amp#27;[0m
  &amp#27;[32mThen &amp#27;[0m&amp#27;[32muser should be navigated to Cookies Policy Page&amp#27;[0m   &amp#27;[90m# sfa.das.steps.HomeSteps.user_should_be_navigated_to_cookies_policy_page()&amp#27;[0m
]]></system-out>
    <system-err><![CDATA[Sept 26, 2024 9:21:42 PM org.openqa.selenium.devtools.CdpVersionFinder findNearestMatch
WARNING: Unable to find CDP implementation matching 129
Sept 26, 2024 9:21:42 PM org.openqa.selenium.chromium.ChromiumDriver lambda$new$5
WARNING: Unable to find version of CDP to use for 129.0.6668.59. You may need to include a dependency on a specific version of the CDP using something similar to `org.seleniumhq.selenium:selenium-devtools-v86:4.17.0` where the version ("v86") matches the version of the chromium-based browser you're using and the version number of the artifact is the same as Selenium's.
]]></system-err>
  </testcase>
  <testcase name="Verify Accessibility statement Footer Link on Home Page" classname="Teach in Further Education - Check Home page anchors" time="2.493">
    <system-out><![CDATA[
@home
Scenario: Verify Accessibility statement Footer Link on Home Page &amp#27;[90m# features/sfa/das//home.feature:96&amp#27;[0m
&amp#27;[34m2024-09-26 21:21:43&amp#27;[0;39m &amp#27;[33m[main]&amp#27;[0;39m [&amp#27;[34mINFO&amp#27;[0;39m] &amp#27;[36mi.g.b.w.WebDriverManager&amp#27;[0;39m   Using chromedriver 129.0.6668.70 (resolved driver for Chrome 129)
&amp#27;[34m2024-09-26 21:21:43&amp#27;[0;39m &amp#27;[33m[main]&amp#27;[0;39m [&amp#27;[34mINFO&amp#27;[0;39m] &amp#27;[36mi.g.b.w.WebDriverManager&amp#27;[0;39m   Exporting webdriver.chrome.driver as C:\New projects\das-teach-in-further-education-acceptance-tests\browser\chromedriver\win64\129.0.6668.70\chromedriver.exe
  &amp#27;[32mGiven &amp#27;[0m&amp#27;[32mthe user navigates to the &amp#27;[0m&amp#27;[32m&amp#27;[1m"Home"&amp#27;[0m&amp#27;[32m page&amp#27;[0m                     &amp#27;[90m# sfa.das.steps.HomeSteps.theUserNavigatesToThePage(java.lang.String)&amp#27;[0m
  &amp#27;[32mWhen &amp#27;[0m&amp#27;[32muser clicks on Accessibility statement Link&amp#27;[0m                &amp#27;[90m# sfa.das.steps.HomeSteps.user_clicks_on_accessibility_statement_link()&amp#27;[0m
  &amp#27;[32mThen &amp#27;[0m&amp#27;[32muser should be navigated to Accessibility statement Page&amp#27;[0m   &amp#27;[90m# sfa.das.steps.HomeSteps.user_should_be_navigated_to_accessibility_statement_page()&amp#27;[0m
]]></system-out>
    <system-err><![CDATA[Sept 26, 2024 9:21:44 PM org.openqa.selenium.devtools.CdpVersionFinder findNearestMatch
WARNING: Unable to find CDP implementation matching 129
Sept 26, 2024 9:21:44 PM org.openqa.selenium.chromium.ChromiumDriver lambda$new$5
WARNING: Unable to find version of CDP to use for 129.0.6668.59. You may need to include a dependency on a specific version of the CDP using something similar to `org.seleniumhq.selenium:selenium-devtools-v86:4.17.0` where the version ("v86") matches the version of the chromium-based browser you're using and the version number of the artifact is the same as Selenium's.
]]></system-err>
  </testcase>
  <testcase name="Verify Privacy Policy Footer Link on Home Page" classname="Teach in Further Education - Check Home page anchors" time="2.235">
    <system-out><![CDATA[
@home
Scenario: Verify Privacy Policy Footer Link on Home Page &amp#27;[90m# features/sfa/das//home.feature:102&amp#27;[0m
&amp#27;[34m2024-09-26 21:21:45&amp#27;[0;39m &amp#27;[33m[main]&amp#27;[0;39m [&amp#27;[34mINFO&amp#27;[0;39m] &amp#27;[36mi.g.b.w.WebDriverManager&amp#27;[0;39m   Using chromedriver 129.0.6668.70 (resolved driver for Chrome 129)
&amp#27;[34m2024-09-26 21:21:45&amp#27;[0;39m &amp#27;[33m[main]&amp#27;[0;39m [&amp#27;[34mINFO&amp#27;[0;39m] &amp#27;[36mi.g.b.w.WebDriverManager&amp#27;[0;39m   Exporting webdriver.chrome.driver as C:\New projects\das-teach-in-further-education-acceptance-tests\browser\chromedriver\win64\129.0.6668.70\chromedriver.exe
  &amp#27;[32mGiven &amp#27;[0m&amp#27;[32mthe user navigates to the &amp#27;[0m&amp#27;[32m&amp#27;[1m"Home"&amp#27;[0m&amp#27;[32m page&amp#27;[0m            &amp#27;[90m# sfa.das.steps.HomeSteps.theUserNavigatesToThePage(java.lang.String)&amp#27;[0m
  &amp#27;[32mWhen &amp#27;[0m&amp#27;[32muser clicks on Privacy Policy Link&amp#27;[0m                &amp#27;[90m# sfa.das.steps.HomeSteps.user_clicks_on_privacy_policy_link()&amp#27;[0m
  &amp#27;[32mThen &amp#27;[0m&amp#27;[32muser should be navigated to Privacy Policy Page&amp#27;[0m   &amp#27;[90m# sfa.das.steps.HomeSteps.user_should_be_navigated_to_privacy_policy_page()&amp#27;[0m
]]></system-out>
    <system-err><![CDATA[Sept 26, 2024 9:21:46 PM org.openqa.selenium.devtools.CdpVersionFinder findNearestMatch
WARNING: Unable to find CDP implementation matching 129
Sept 26, 2024 9:21:46 PM org.openqa.selenium.chromium.ChromiumDriver lambda$new$5
WARNING: Unable to find version of CDP to use for 129.0.6668.59. You may need to include a dependency on a specific version of the CDP using something similar to `org.seleniumhq.selenium:selenium-devtools-v86:4.17.0` where the version ("v86") matches the version of the chromium-based browser you're using and the version number of the artifact is the same as Selenium's.
]]></system-err>
  </testcase>
</testsuite>